d:\classes\second year\first semester\cos 221\hw\project\hospital management software 2\hospital management software\hospital management software\debug\hospital management software.pch
d:\classes\second year\first semester\cos 221\hw\project\hospital management software 2\hospital management software\hospital management software\debug\vc120.pdb
d:\classes\second year\first semester\cos 221\hw\project\hospital management software 2\hospital management software\hospital management software\debug\vc120.idb
d:\classes\second year\first semester\cos 221\hw\project\hospital management software 2\hospital management software\hospital management software\debug\stdafx.obj
d:\classes\second year\first semester\cos 221\hw\project\hospital management software 2\hospital management software\hospital management software\debug\hospital management software.obj
d:\classes\second year\first semester\cos 221\hw\project\hospital management software 2\hospital management software\debug\hospital management software.ilk
d:\classes\second year\first semester\cos 221\hw\project\hospital management software 2\hospital management software\debug\hospital management software.exe
d:\classes\second year\first semester\cos 221\hw\project\hospital management software 2\hospital management software\debug\hospital management software.pdb
c:\users\echo\desktop\hospital management database\hospital management software\hospital management software\debug\hospital management software.obj
c:\users\echo\desktop\hospital management database\hospital management software\hospital management software\debug\stdafx.obj
c:\users\echo\desktop\hospital management database\hospital management software\hospital management software\debug\hospital management software.pch
c:\users\echo\desktop\hospital management database\hospital management software\hospital management software\debug\vc120.idb
c:\users\echo\desktop\hospital management database\hospital management software\hospital management software\debug\vc120.pdb
c:\users\echo\desktop\hospital management database\hospital management software\debug\hospital management software.pdb
c:\users\echo\desktop\hospital management database\hospital management software\debug\hospital management software.exe
c:\users\echo\desktop\hospital management database\hospital management software\debug\hospital management software.ilk
c:\users\echo\desktop\hospital management database\hospital management software\hospital management software\debug\hospital.17ad3907.tlog\cl.command.1.tlog
c:\users\echo\desktop\hospital management database\hospital management software\hospital management software\debug\hospital.17ad3907.tlog\cl.read.1.tlog
c:\users\echo\desktop\hospital management database\hospital management software\hospital management software\debug\hospital.17ad3907.tlog\cl.write.1.tlog
c:\users\echo\desktop\hospital management database\hospital management software\hospital management software\debug\hospital.17ad3907.tlog\link.command.1.tlog
c:\users\echo\desktop\hospital management database\hospital management software\hospital management software\debug\hospital.17ad3907.tlog\link.read.1.tlog
c:\users\echo\desktop\hospital management database\hospital management software\hospital management software\debug\hospital.17ad3907.tlog\link.write.1.tlog
